[2019-10-01 14:46:03] => Listening on port 3000...
[2019-10-01 14:46:03] => DataBase connected
[2019-10-01 14:46:46] => Listening on port 3000...
[2019-10-01 14:46:46] => DataBase connected
[2019-10-01 15:03:00] => GET ~ /actors
[2019-10-01 15:03:37] => GET ~ /actors/movies/Mark%20Ruffalo
[2019-10-01 15:03:52] => GET ~ /movies/actors/The%20Avengers
[2019-10-01 15:05:09] => Listening on port 3000...
[2019-10-01 15:05:09] => DataBase connected
[2019-10-01 15:05:15] => GET ~ /movies/actors/The%20Avengers
[2019-10-01 15:05:31] => GET ~ /actors/Natalie%20Portman/movies
[2019-10-01 15:05:49] => Listening on port 3000...
[2019-10-01 15:05:49] => DataBase connected
[2019-10-01 15:05:58] => GET ~ /movies/actors/The%20Incredible%20Hulk
[2019-10-01 15:06:14] => GET ~ /movies/The%20Incredible%20Hulk/actors
[2019-10-01 18:32:52] => Listening on port 3000...
[2019-10-01 18:32:52] => DataBase connected
[2019-10-01 19:09:34] => Listening on port 3000...
[2019-10-01 19:09:34] => DataBase connected
[2019-10-01 19:09:57] => Listening on port 3000...
[2019-10-01 19:09:57] => DataBase connected
[2019-10-01 19:15:54] => DataBase connected
[2019-10-01 19:18:52] => DataBase connected
[2019-10-01 19:19:09] => DataBase connected
[2019-10-01 19:24:54] => DataBase connected
[2019-10-01 19:24:58] => DataBase connected
[2019-10-01 19:26:05] => DataBase connected
[2019-10-01 19:26:07] => DataBase connected
[2019-10-01 19:27:23] => DataBase connected
[2019-10-01 19:40:15] => DataBase connected
[2019-10-01 19:45:06] => Listening on port 3000...
[2019-10-01 19:45:06] => DataBase connected
[2019-10-01 19:45:08] => Listening on port 3000...
[2019-10-01 19:45:08] => DataBase connected
[2019-10-01 19:45:26] => PUT ~ /actors
[2019-10-01 19:45:26] => [object Object]
[2019-10-02 22:42:28] => Listening on port 3000...
[2019-10-02 22:42:28] => DataBase connected
[2019-10-02 23:05:21] => PUT ~ /actors?aname=%27jagga%27&age=52&networth=%27poore%2050000%27
[2019-10-02 23:05:22] => [object Object]
[2019-10-02 23:06:30] => Listening on port 3000...
[2019-10-02 23:06:30] => DataBase connected
[2019-10-02 23:06:37] => PUT ~ /actors?aname=%27jagga%27&age=52&networth=%27poore%2050000%27
[2019-10-02 23:06:37] => [object Object]
[2019-10-02 23:07:01] => PUT ~ /actors?name=%27jagga%27&age=52&networth=%27poore%2050000%27
[2019-10-02 23:07:01] => [object Object]
[2019-10-02 23:07:16] => Listening on port 3000...
[2019-10-02 23:07:16] => DataBase connected
[2019-10-02 23:07:20] => PUT ~ /actors?name=%27jagga%27&age=52&networth=%27poore%2050000%27
[2019-10-02 23:07:20] => [object Object]
[2019-10-02 23:08:31] => Listening on port 3000...
[2019-10-02 23:08:31] => DataBase connected
[2019-10-02 23:09:25] => PUT ~ /actors?actor=%27jagga%27&age=52&networth=%27poore%2050000%27
[2019-10-02 23:09:25] => [object Object]
[2019-10-02 23:09:33] => Listening on port 3000...
[2019-10-02 23:09:33] => DataBase connected
[2019-10-02 23:09:38] => PUT ~ /actors?actor=%27jagga%27&age=52&networth=%27poore%2050000%27
[2019-10-02 23:09:38] => [object Object]
[2019-10-02 23:11:31] => Listening on port 3000...
[2019-10-02 23:11:31] => DataBase connected
[2019-10-02 23:11:35] => PUT ~ /actors?actor=%27jagga%27&age=52&networth=%27poore%2050000%27
[2019-10-02 23:13:55] => PUT ~ /actors?actor=%27jagga%27&age=52&networth=%27poore%2050000%27
[2019-10-02 23:14:06] => Listening on port 3000...
[2019-10-02 23:14:06] => DataBase connected
[2019-10-02 23:14:09] => PUT ~ /actors?actor=%27jagga%27&age=52&networth=%27poore%2050000%27
[2019-10-02 23:19:20] => Listening on port 3000...
[2019-10-02 23:19:20] => DataBase connected
[2019-10-02 23:19:39] => PUT ~ /actors?actor=%27jagga%27&age=52&networth=%27poore%2050000%27&alias=%27dakku%27
[2019-10-02 23:21:14] => PUT ~ /actors
[2019-10-02 23:21:28] => Listening on port 3000...
[2019-10-02 23:21:28] => DataBase connected
[2019-10-02 23:21:38] => Listening on port 3000...
[2019-10-02 23:21:38] => DataBase connected
[2019-10-02 23:21:49] => PUT ~ /actors
[2019-10-02 23:21:49] => [object Object]
[2019-10-02 23:24:37] => Listening on port 3000...
[2019-10-02 23:24:37] => DataBase connected
[2019-10-02 23:24:46] => PUT ~ /actors
[2019-10-02 23:24:46] => {"error":null,"value":{"actor":"'jagga'","age":52,"alias":"'Dakku'","networth":"'poore 50000'"}}
[2019-10-02 23:25:13] => PUT ~ /actors
[2019-10-02 23:25:13] => {"error":{"isJoi":true,"name":"ValidationError","details":[{"message":"\"age\" must be a number","path":["age"],"type":"number.base","context":{"value":"'52'","key":"age","label":"age"}}],"_object":{"actor":"'jagga'","age":"'52'","alias":"'Dakku'","networth":"'poore 50000'"}},"value":{"actor":"'jagga'","age":"'52'","alias":"'Dakku'","networth":"'poore 50000'"}}
[2019-10-02 23:26:04] => Listening on port 3000...
[2019-10-02 23:26:04] => DataBase connected
[2019-10-02 23:26:17] => PUT ~ /actors
[2019-10-02 23:26:17] => {"error":{"isJoi":true,"name":"ValidationError","details":[{"message":"\"age\" must be a number","path":["age"],"type":"number.base","context":{"value":"'52'","key":"age","label":"age"}}],"_object":{"actor":"'jagga'","age":"'52'","networth":"'poore 50000'"}},"value":{"actor":"'jagga'","age":"'52'","networth":"'poore 50000'"}}
[2019-10-02 23:26:40] => PUT ~ /actors
[2019-10-02 23:26:40] => {"error":{"isJoi":true,"name":"ValidationError","details":[{"message":"\"alias\" is required","path":["alias"],"type":"any.required","context":{"key":"alias","label":"alias"}}],"_object":{"actor":"'jagga'","age":"52","networth":"'poore 50000'"}},"value":{"actor":"'jagga'","age":52,"networth":"'poore 50000'"}}
[2019-10-02 23:27:10] => PUT ~ /actors
[2019-10-02 23:27:10] => {"error":null,"value":{"actor":"'jagga'","age":52,"alias":"'Dakku'"}}
[2019-10-02 23:27:45] => Listening on port 3000...
[2019-10-02 23:27:45] => DataBase connected
[2019-10-02 23:29:19] => Listening on port 3000...
[2019-10-02 23:29:19] => DataBase connected
[2019-10-02 23:30:20] => Listening on port 3000...
[2019-10-02 23:30:20] => DataBase connected
